<?xml version="1.0" encoding="UTF-8"?>
<!-- Generated by org.testng.reporters.JUnitReportReporter -->
<testsuite skipped="0" hostname="DESKTOP-7I4KL4I" name="com.bank.AppTest" tests="1" failures="0" timestamp="06 Dec 2021 11:39:29 GMT" time="0.016" errors="0">
  <testcase name="shouldAnswerWithTrue" time="0.016" classname="com.bank.AppTest"/>
</testsuite> <!-- com.bank.AppTest -->
